<?xml version="1.0" encoding="UTF-8"?>
<!-- Generated by org.testng.reporters.JUnitReportReporter -->
<testsuite hostname="LAPTOP-U2MSH88I" failures="0" tests="4" name="Tests.Test2" time="20.796" errors="0" timestamp="2023-04-02T21:10:26 IST" skipped="0">
  <testcase classname="Tests.Test2" name="test7" time="3.827"/>
  <system-out/>
  <testcase classname="Tests.Test2" name="test5" time="6.625"/>
  <system-out/>
  <testcase classname="Tests.Test2" name="test6" time="3.609"/>
  <system-out/>
  <testcase classname="Tests.Test2" name="test4" time="6.735"/>
  <system-out/>
</testsuite> <!-- Tests.Test2 -->
