<?xml version="1.0" encoding="UTF-8"?>
<!-- Generated by org.testng.reporters.JUnitReportReporter -->
<testsuite hostname="LAPTOP-U2MSH88I" failures="0" tests="1" name="Tests.Test1" time="0.000" errors="0" timestamp="2023-04-02T21:10:26 IST" skipped="0">
  <testcase classname="Tests.Test1" name="test1" time="0.000"/>
  <system-out/>
</testsuite> <!-- Tests.Test1 -->
