<?xml version="1.0" encoding="UTF-8"?>
<!-- Generated by org.testng.reporters.JUnitReportReporter -->
<testsuite hostname="LAPTOP-U2MSH88I" failures="0" tests="1" name="Tests.Sc1_TC1" time="0.003" errors="0" timestamp="2023-03-31T11:38:57 IST" skipped="0">
  <testcase classname="Tests.Sc1_TC1" name="test1" time="0.003"/>
  <system-out/>
</testsuite> <!-- Tests.Sc1_TC1 -->
