<?xml version="1.0" encoding="UTF-8"?>
<!-- Generated by org.testng.reporters.JUnitReportReporter -->
<testsuite hostname="LAPTOP-U2MSH88I" failures="0" tests="1" name="Tests.Test4" time="0.004" errors="0" timestamp="2023-03-31T17:24:07 IST" skipped="0">
  <testcase classname="Tests.Test4" name="test1" time="0.004"/>
  <system-out/>
</testsuite> <!-- Tests.Test4 -->
