<?xml version="1.0" encoding="UTF-8"?>
<!-- Generated by org.testng.reporters.JUnitReportReporter -->
<testsuite hostname="LAPTOP-U2MSH88I" failures="0" tests="1" name="Tests.Test1" time="0.002" errors="0" timestamp="2023-03-31T17:24:07 IST" skipped="0">
  <testcase classname="Tests.Test1" name="test1" time="0.002"/>
  <system-out/>
</testsuite> <!-- Tests.Test1 -->
